c:\users\bezpa\desktop\proyecto lab2\sfmlproyect\sfmlproyect\x64\release\sfmlproyect.pch
c:\users\bezpa\desktop\proyecto lab2\sfmlproyect\sfmlproyect\x64\release\vc143.pdb
c:\users\bezpa\desktop\proyecto lab2\sfmlproyect\sfmlproyect\x64\release\stdafx.obj
c:\users\bezpa\desktop\proyecto lab2\sfmlproyect\sfmlproyect\x64\release\espada.obj
c:\users\bezpa\desktop\proyecto lab2\sfmlproyect\sfmlproyect\x64\release\atributos.obj
c:\users\bezpa\desktop\proyecto lab2\sfmlproyect\sfmlproyect\x64\release\armarango.obj
c:\users\bezpa\desktop\proyecto lab2\sfmlproyect\sfmlproyect\x64\release\armamelee.obj
c:\users\bezpa\desktop\proyecto lab2\sfmlproyect\sfmlproyect\x64\release\orbe.obj
c:\users\bezpa\desktop\proyecto lab2\sfmlproyect\sfmlproyect\x64\release\modo_editor.obj
c:\users\bezpa\desktop\proyecto lab2\sfmlproyect\sfmlproyect\x64\release\managerenemigos.obj
c:\users\bezpa\desktop\proyecto lab2\sfmlproyect\sfmlproyect\x64\release\ia.obj
c:\users\bezpa\desktop\proyecto lab2\sfmlproyect\sfmlproyect\x64\release\gameover.obj
c:\users\bezpa\desktop\proyecto lab2\sfmlproyect\sfmlproyect\x64\release\estadotutorial.obj
c:\users\bezpa\desktop\proyecto lab2\sfmlproyect\sfmlproyect\x64\release\estadocargarpartida.obj
c:\users\bezpa\desktop\proyecto lab2\sfmlproyect\sfmlproyect\x64\release\enemigos.obj
c:\users\bezpa\desktop\proyecto lab2\sfmlproyect\sfmlproyect\x64\release\editor_spawnerenemigos.obj
c:\users\bezpa\desktop\proyecto lab2\sfmlproyect\sfmlproyect\x64\release\editor_mapa.obj
c:\users\bezpa\desktop\proyecto lab2\sfmlproyect\sfmlproyect\x64\release\demon.obj
c:\users\bezpa\desktop\proyecto lab2\sfmlproyect\sfmlproyect\x64\release\bat.obj
c:\users\bezpa\desktop\proyecto lab2\sfmlproyect\sfmlproyect\x64\release\audio.obj
c:\users\bezpa\desktop\proyecto lab2\sfmlproyect\sfmlproyect\x64\release\armas.obj
c:\users\bezpa\desktop\proyecto lab2\sfmlproyect\sfmlproyect\x64\release\animacion2.obj
c:\users\bezpa\desktop\proyecto lab2\sfmlproyect\sfmlproyect\x64\release\animacion.obj
c:\users\bezpa\desktop\proyecto lab2\sfmlproyect\sfmlproyect\x64\release\spawnerenemigos.obj
c:\users\bezpa\desktop\proyecto lab2\sfmlproyect\sfmlproyect\x64\release\sonido.obj
c:\users\bezpa\desktop\proyecto lab2\sfmlproyect\sfmlproyect\x64\release\slime.obj
c:\users\bezpa\desktop\proyecto lab2\sfmlproyect\sfmlproyect\x64\release\proyectil.obj
c:\users\bezpa\desktop\proyecto lab2\sfmlproyect\sfmlproyect\x64\release\opcionesgraficas.obj
c:\users\bezpa\desktop\proyecto lab2\sfmlproyect\sfmlproyect\x64\release\movimiento.obj
c:\users\bezpa\desktop\proyecto lab2\sfmlproyect\sfmlproyect\x64\release\menupausa.obj
c:\users\bezpa\desktop\proyecto lab2\sfmlproyect\sfmlproyect\x64\release\main.obj
c:\users\bezpa\desktop\proyecto lab2\sfmlproyect\sfmlproyect\x64\release\jugador.obj
c:\users\bezpa\desktop\proyecto lab2\sfmlproyect\sfmlproyect\x64\release\items.obj
c:\users\bezpa\desktop\proyecto lab2\sfmlproyect\sfmlproyect\x64\release\hitbox.obj
c:\users\bezpa\desktop\proyecto lab2\sfmlproyect\sfmlproyect\x64\release\guijugador.obj
c:\users\bezpa\desktop\proyecto lab2\sfmlproyect\sfmlproyect\x64\release\game.obj
c:\users\bezpa\desktop\proyecto lab2\sfmlproyect\sfmlproyect\x64\release\estadoopciones.obj
c:\users\bezpa\desktop\proyecto lab2\sfmlproyect\sfmlproyect\x64\release\estadomenuprincipal.obj
c:\users\bezpa\desktop\proyecto lab2\sfmlproyect\sfmlproyect\x64\release\estadojuego.obj
c:\users\bezpa\desktop\proyecto lab2\sfmlproyect\sfmlproyect\x64\release\estadoeditor.obj
c:\users\bezpa\desktop\proyecto lab2\sfmlproyect\sfmlproyect\x64\release\estadobase.obj
c:\users\bezpa\desktop\proyecto lab2\sfmlproyect\sfmlproyect\x64\release\entidades.obj
c:\users\bezpa\desktop\proyecto lab2\sfmlproyect\sfmlproyect\x64\release\gui.obj
c:\users\bezpa\desktop\proyecto lab2\sfmlproyect\sfmlproyect\x64\release\tilenormal.obj
c:\users\bezpa\desktop\proyecto lab2\sfmlproyect\sfmlproyect\x64\release\tilemap.obj
c:\users\bezpa\desktop\proyecto lab2\sfmlproyect\sfmlproyect\x64\release\tile.obj
c:\users\bezpa\desktop\proyecto lab2\sfmlproyect\sfmlproyect\x64\release\textoinfo.obj
c:\users\bezpa\desktop\proyecto lab2\sfmlproyect\x64\release\sfmlproyect.exe
c:\users\bezpa\desktop\proyecto lab2\sfmlproyect\sfmlproyect\x64\release\sfmlproyect.ipdb
c:\users\bezpa\desktop\proyecto lab2\sfmlproyect\x64\release\sfmlproyect.pdb
c:\users\bezpa\desktop\proyecto lab2\sfmlproyect\sfmlproyect\x64\release\sfmlproyect.iobj
c:\users\bezpa\desktop\proyecto lab2\sfmlproyect\sfmlproyect\x64\release\sfmlproyect.tlog\cl.command.1.tlog
c:\users\bezpa\desktop\proyecto lab2\sfmlproyect\sfmlproyect\x64\release\sfmlproyect.tlog\cl.read.1.tlog
c:\users\bezpa\desktop\proyecto lab2\sfmlproyect\sfmlproyect\x64\release\sfmlproyect.tlog\cl.write.1.tlog
c:\users\bezpa\desktop\proyecto lab2\sfmlproyect\sfmlproyect\x64\release\sfmlproyect.tlog\link.command.1.tlog
c:\users\bezpa\desktop\proyecto lab2\sfmlproyect\sfmlproyect\x64\release\sfmlproyect.tlog\link.read.1.tlog
c:\users\bezpa\desktop\proyecto lab2\sfmlproyect\sfmlproyect\x64\release\sfmlproyect.tlog\link.write.1.tlog
