c:\users\bezpa\desktop\proyecto lab2\sfmlproyect\sfmlproyect\x64\debug\sfmlproyect.pch
c:\users\bezpa\desktop\proyecto lab2\sfmlproyect\sfmlproyect\x64\debug\vc143.pdb
c:\users\bezpa\desktop\proyecto lab2\sfmlproyect\sfmlproyect\x64\debug\vc143.idb
c:\users\bezpa\desktop\proyecto lab2\sfmlproyect\sfmlproyect\x64\debug\stdafx.obj
c:\users\bezpa\desktop\proyecto lab2\sfmlproyect\sfmlproyect\x64\debug\tilemap.obj
c:\users\bezpa\desktop\proyecto lab2\sfmlproyect\sfmlproyect\x64\debug\tile.obj
c:\users\bezpa\desktop\proyecto lab2\sfmlproyect\sfmlproyect\x64\debug\opcionesgraficas.obj
c:\users\bezpa\desktop\proyecto lab2\sfmlproyect\sfmlproyect\x64\debug\movimiento.obj
c:\users\bezpa\desktop\proyecto lab2\sfmlproyect\sfmlproyect\x64\debug\menupausa.obj
c:\users\bezpa\desktop\proyecto lab2\sfmlproyect\sfmlproyect\x64\debug\main.obj
c:\users\bezpa\desktop\proyecto lab2\sfmlproyect\sfmlproyect\x64\debug\jugador.obj
c:\users\bezpa\desktop\proyecto lab2\sfmlproyect\sfmlproyect\x64\debug\hitbox.obj
c:\users\bezpa\desktop\proyecto lab2\sfmlproyect\sfmlproyect\x64\debug\game.obj
c:\users\bezpa\desktop\proyecto lab2\sfmlproyect\sfmlproyect\x64\debug\estadoopciones.obj
c:\users\bezpa\desktop\proyecto lab2\sfmlproyect\sfmlproyect\x64\debug\estadomenuprincipal.obj
c:\users\bezpa\desktop\proyecto lab2\sfmlproyect\sfmlproyect\x64\debug\estadojuego.obj
c:\users\bezpa\desktop\proyecto lab2\sfmlproyect\sfmlproyect\x64\debug\estadoeditor.obj
c:\users\bezpa\desktop\proyecto lab2\sfmlproyect\sfmlproyect\x64\debug\estadobase.obj
c:\users\bezpa\desktop\proyecto lab2\sfmlproyect\sfmlproyect\x64\debug\entidades.obj
c:\users\bezpa\desktop\proyecto lab2\sfmlproyect\sfmlproyect\x64\debug\gui.obj
c:\users\bezpa\desktop\proyecto lab2\sfmlproyect\sfmlproyect\x64\debug\atributos.obj
c:\users\bezpa\desktop\proyecto lab2\sfmlproyect\sfmlproyect\x64\debug\animacion.obj
c:\users\bezpa\desktop\proyecto lab2\sfmlproyect\sfmlproyect\x64\debug\sfmlproyect.ilk
c:\users\bezpa\desktop\proyecto lab2\sfmlproyect\x64\debug\sfmlproyect.exe
c:\users\bezpa\desktop\proyecto lab2\sfmlproyect\x64\debug\sfmlproyect.pdb
c:\users\bezpa\desktop\proyecto lab2\sfmlproyect\sfmlproyect\x64\debug\sfmlproyect.tlog\cl.command.1.tlog
c:\users\bezpa\desktop\proyecto lab2\sfmlproyect\sfmlproyect\x64\debug\sfmlproyect.tlog\cl.read.1.tlog
c:\users\bezpa\desktop\proyecto lab2\sfmlproyect\sfmlproyect\x64\debug\sfmlproyect.tlog\cl.write.1.tlog
c:\users\bezpa\desktop\proyecto lab2\sfmlproyect\sfmlproyect\x64\debug\sfmlproyect.tlog\link.command.1.tlog
c:\users\bezpa\desktop\proyecto lab2\sfmlproyect\sfmlproyect\x64\debug\sfmlproyect.tlog\link.read.1.tlog
c:\users\bezpa\desktop\proyecto lab2\sfmlproyect\sfmlproyect\x64\debug\sfmlproyect.tlog\link.write.1.tlog
